<?xml version="1.0" encoding="UTF-8"?>
<!-- Generated by org.testng.reporters.JUnitReportReporter -->
<testsuite hostname="Mango" name="newPFMtestcases" tests="1" failures="0" timestamp="13 Oct 2016 23:06:56 GMT" time="7.032" errors="0">
  <testcase name="testcase01" time="7.032" classname="newPFMtestcases"/>
</testsuite> <!-- newPFMtestcases -->
