<?xml version="1.0" encoding="UTF-8"?>
<!-- Generated by org.testng.reporters.JUnitReportReporter -->
<testsuite hostname="Mango" name="com.catalog.tests.LoginTests" tests="2" failures="0" timestamp="20 Sep 2016 02:31:28 GMT" time="13.010" errors="0">
  <testcase name="testLoginError" time="6.569" classname="com.catalog.tests.LoginTests"/>
  <testcase name="testLogin" time="6.441" classname="com.catalog.tests.LoginTests"/>
</testsuite> <!-- com.catalog.tests.LoginTests -->
