<?xml version="1.0" encoding="UTF-8"?>
<!-- Generated by org.testng.reporters.JUnitReportReporter -->
<testsuite hostname="Mango" name="com.catalog.tests.newPFMtestcases" tests="2" failures="0" timestamp="14 Oct 2016 00:13:26 GMT" time="9.345" errors="0">
  <testcase name="testcase01" time="5.563" classname="com.catalog.tests.newPFMtestcases"/>
  <testcase name="testcase02" time="3.782" classname="com.catalog.tests.newPFMtestcases"/>
</testsuite> <!-- com.catalog.tests.newPFMtestcases -->
