<?xml version="1.0" encoding="UTF-8"?>
<!-- Generated by org.testng.reporters.JUnitReportReporter -->
<testsuite hostname="Mango" name="FirstPageFactory" tests="3" failures="0" timestamp="2 Nov 2016 23:03:23 GMT" time="17.636" errors="0">
  <testcase name="testCase2" time="6.623" classname="FirstPageFactory"/>
  <testcase name="testCase2" time="6.760" classname="FirstPageFactory"/>
  <testcase name="testCase1" time="4.253" classname="FirstPageFactory"/>
</testsuite> <!-- FirstPageFactory -->
